[14-03-10 15:07:1394464079] Fastq 1: /nfs/research2/goldman/botond/paper-pat-seq/RawData/lane1polyAGMUT1b_1_sequence.txt.gz
[14-03-10 15:07:1394464079] Fastq 2: /nfs/research2/goldman/botond/paper-pat-seq/RawData/lane1polyAGMUT1b_2_sequence.txt.gz
[14-03-10 15:07:1394464079] Output directory: /nfs/research2/goldman/botond/paper-pat-seq/Aln/MUT1B
[14-03-10 15:07:1394464079] Read portion used when classifying: 14
[14-03-10 15:07:1394464079] Minimum tag length: 3
[14-03-10 15:07:1394464079] Maximum number of Ns in the first 14 bases: 6
[14-03-10 15:07:1394464079] Classifying read pairs.
[14-03-10 15:22:1394464947] Total fragments: 11462727
[14-03-10 15:22:1394464947] NVTR fragments: 9295385
[14-03-10 15:22:1394464947] G-tail fragments: 2167342
[14-03-10 15:22:1394464947] Forward G-tail reads: 1371
[14-03-10 15:22:1394464947] Reverse G-tail reads: 3761009
[14-03-10 15:22:1394464947] Indexing reference.
[14-03-10 15:22:1394464960] Aligning G-tailed reads.
[14-03-10 15:33:1394465627] <bowtie2> 2167342 reads; of these:
[14-03-10 15:33:1394465627] <bowtie2>   2167342 (100.00%) were paired; of these:
[14-03-10 15:33:1394465627] <bowtie2>     2140568 (98.76%) aligned concordantly 0 times
[14-03-10 15:33:1394465627] <bowtie2>     14059 (0.65%) aligned concordantly exactly 1 time
[14-03-10 15:33:1394465627] <bowtie2>     12715 (0.59%) aligned concordantly >1 times
[14-03-10 15:33:1394465627] <bowtie2>     ----
[14-03-10 15:33:1394465627] <bowtie2>     2140568 pairs aligned concordantly 0 times; of these:
[14-03-10 15:33:1394465627] <bowtie2>       9 (0.00%) aligned discordantly 1 time
[14-03-10 15:33:1394465627] <bowtie2>     ----
[14-03-10 15:33:1394465627] <bowtie2>     2140559 pairs aligned 0 times concordantly or discordantly; of these:
[14-03-10 15:33:1394465627] <bowtie2>       4281118 mates make up the pairs; of these:
[14-03-10 15:33:1394465627] <bowtie2>         2904234 (67.84%) aligned 0 times
[14-03-10 15:33:1394465627] <bowtie2>         918279 (21.45%) aligned exactly 1 time
[14-03-10 15:33:1394465627] <bowtie2>         458605 (10.71%) aligned >1 times
[14-03-10 15:33:1394465627] <bowtie2> 33.00% overall alignment rate
[14-03-10 15:33:1394465627] <bowtie2> 
[14-03-10 15:37:1394465827] G-tail alignments are at: /nfs/research2/goldman/botond/paper-pat-seq/Aln/MUT1B/gtail_aln/gtail_reads.sam
[14-03-10 15:37:1394465827] Position-sorted G-tail alignments are at: /nfs/research2/goldman/botond/paper-pat-seq/Aln/MUT1B/gtail_aln/gtail_reads_sort.bam
[14-03-10 15:37:1394465832] Flagstats:
[14-03-10 15:37:1394465832] --------------------------------------------
[14-03-10 15:37:1394465832] 
{'chr_mismatch': 118.0, 'duplicates': 0.0, 'nr_read1': 2167342.0, 'seq_paired': 4334684.0, 'nr_read2': 2167342.0, 'qc_fail': 4334684.0, 'chr_mismatch_q5': 15.0, 'nr_proper_with_mate': 53672.0}
[14-03-10 15:37:1394465832] --------------------------------------------
[14-03-10 15:37:1394465832] Aligning NVTR reads.
[14-03-10 16:22:1394468570] <bowtie2> 9295385 reads; of these:
[14-03-10 16:22:1394468570] <bowtie2>   9295385 (100.00%) were paired; of these:
[14-03-10 16:22:1394468570] <bowtie2>     3765005 (40.50%) aligned concordantly 0 times
[14-03-10 16:22:1394468570] <bowtie2>     3281529 (35.30%) aligned concordantly exactly 1 time
[14-03-10 16:22:1394468570] <bowtie2>     2248851 (24.19%) aligned concordantly >1 times
[14-03-10 16:22:1394468570] <bowtie2> 59.50% overall alignment rate
[14-03-10 16:22:1394468570] <bowtie2> 
[14-03-10 16:37:1394469422] NVTR alignments are at: /nfs/research2/goldman/botond/paper-pat-seq/Aln/MUT1B/nvtr_aln/nvtr_reads.sam
[14-03-10 16:37:1394469422] Position-sorted NVTR alignments are at: /nfs/research2/goldman/botond/paper-pat-seq/Aln/MUT1B/nvtr_aln/nvtr_reads_sort.bam
['chr_mismatch', 'chr_mismatch_q5', 'duplicates', 'nr_proper_with_mate', 'nr_read1', 'nr_read2', 'qc_fail', 'seq_paired']
