[14-03-10 15:09:1394464159] Fastq 1: /nfs/research2/goldman/botond/paper-pat-seq/RawData/lane1polyAGMUT1d_1_sequence.txt.gz
[14-03-10 15:09:1394464159] Fastq 2: /nfs/research2/goldman/botond/paper-pat-seq/RawData/lane1polyAGMUT1d_2_sequence.txt.gz
[14-03-10 15:09:1394464159] Output directory: /nfs/research2/goldman/botond/paper-pat-seq/Aln/MUT1D
[14-03-10 15:09:1394464159] Read portion used when classifying: 14
[14-03-10 15:09:1394464159] Minimum tag length: 3
[14-03-10 15:09:1394464159] Maximum number of Ns in the first 14 bases: 6
[14-03-10 15:09:1394464159] Classifying read pairs.
[14-03-10 15:14:1394464482] Total fragments: 6425653
[14-03-10 15:14:1394464482] NVTR fragments: 4709050
[14-03-10 15:14:1394464482] G-tail fragments: 1716603
[14-03-10 15:14:1394464482] Forward G-tail reads: 923
[14-03-10 15:14:1394464482] Reverse G-tail reads: 2700180
[14-03-10 15:14:1394464482] Indexing reference.
[14-03-10 15:14:1394464492] Aligning G-tailed reads.
[14-03-10 15:18:1394464735] <bowtie2> 1716603 reads; of these:
[14-03-10 15:18:1394464735] <bowtie2>   1716603 (100.00%) were paired; of these:
[14-03-10 15:18:1394464735] <bowtie2>     1702870 (99.20%) aligned concordantly 0 times
[14-03-10 15:18:1394464735] <bowtie2>     6010 (0.35%) aligned concordantly exactly 1 time
[14-03-10 15:18:1394464735] <bowtie2>     7723 (0.45%) aligned concordantly >1 times
[14-03-10 15:18:1394464735] <bowtie2>     ----
[14-03-10 15:18:1394464735] <bowtie2>     1702870 pairs aligned concordantly 0 times; of these:
[14-03-10 15:18:1394464735] <bowtie2>       32 (0.00%) aligned discordantly 1 time
[14-03-10 15:18:1394464735] <bowtie2>     ----
[14-03-10 15:18:1394464735] <bowtie2>     1702838 pairs aligned 0 times concordantly or discordantly; of these:
[14-03-10 15:18:1394464735] <bowtie2>       3405676 mates make up the pairs; of these:
[14-03-10 15:18:1394464735] <bowtie2>         2016493 (59.21%) aligned 0 times
[14-03-10 15:18:1394464735] <bowtie2>         877821 (25.78%) aligned exactly 1 time
[14-03-10 15:18:1394464735] <bowtie2>         511362 (15.01%) aligned >1 times
[14-03-10 15:18:1394464735] <bowtie2> 41.27% overall alignment rate
[14-03-10 15:18:1394464735] <bowtie2> 
[14-03-10 15:20:1394464837] G-tail alignments are at: /nfs/research2/goldman/botond/paper-pat-seq/Aln/MUT1D/gtail_aln/gtail_reads.sam
[14-03-10 15:20:1394464837] Position-sorted G-tail alignments are at: /nfs/research2/goldman/botond/paper-pat-seq/Aln/MUT1D/gtail_aln/gtail_reads_sort.bam
[14-03-10 15:20:1394464839] Flagstats:
[14-03-10 15:20:1394464839] --------------------------------------------
[14-03-10 15:20:1394464839] 
{'chr_mismatch': 116.0, 'duplicates': 0.0, 'nr_read1': 1716603.0, 'seq_paired': 3433206.0, 'nr_read2': 1716603.0, 'qc_fail': 3433206.0, 'chr_mismatch_q5': 64.0, 'nr_proper_with_mate': 27586.0}
[14-03-10 15:20:1394464839] --------------------------------------------
[14-03-10 15:20:1394464839] Aligning NVTR reads.
[14-03-10 15:31:1394465471] <bowtie2> 4709050 reads; of these:
[14-03-10 15:31:1394465471] <bowtie2>   4709050 (100.00%) were paired; of these:
[14-03-10 15:31:1394465471] <bowtie2>     2358166 (50.08%) aligned concordantly 0 times
[14-03-10 15:31:1394465471] <bowtie2>     1460444 (31.01%) aligned concordantly exactly 1 time
[14-03-10 15:31:1394465471] <bowtie2>     890440 (18.91%) aligned concordantly >1 times
[14-03-10 15:31:1394465471] <bowtie2> 49.92% overall alignment rate
[14-03-10 15:31:1394465471] <bowtie2> 
[14-03-10 15:37:1394465823] NVTR alignments are at: /nfs/research2/goldman/botond/paper-pat-seq/Aln/MUT1D/nvtr_aln/nvtr_reads.sam
[14-03-10 15:37:1394465823] Position-sorted NVTR alignments are at: /nfs/research2/goldman/botond/paper-pat-seq/Aln/MUT1D/nvtr_aln/nvtr_reads_sort.bam
['chr_mismatch', 'chr_mismatch_q5', 'duplicates', 'nr_proper_with_mate', 'nr_read1', 'nr_read2', 'qc_fail', 'seq_paired']
