[14-03-10 15:05:1394463951] Fastq 1: /nfs/research2/goldman/botond/paper-pat-seq/RawData/lane1polyAGMUT1a_1_sequence.txt.gz
[14-03-10 15:05:1394463951] Fastq 2: /nfs/research2/goldman/botond/paper-pat-seq/RawData/lane1polyAGMUT1a_2_sequence.txt.gz
[14-03-10 15:05:1394463951] Output directory: /nfs/research2/goldman/botond/paper-pat-seq/Aln/MUT1A
[14-03-10 15:05:1394463951] Read portion used when classifying: 14
[14-03-10 15:05:1394463951] Minimum tag length: 3
[14-03-10 15:05:1394463951] Maximum number of Ns in the first 14 bases: 6
[14-03-10 15:05:1394463951] Classifying read pairs.
[14-03-10 15:21:1394464902] Total fragments: 12461585
[14-03-10 15:21:1394464902] NVTR fragments: 10460964
[14-03-10 15:21:1394464902] G-tail fragments: 2000621
[14-03-10 15:21:1394464902] Forward G-tail reads: 1200
[14-03-10 15:21:1394464902] Reverse G-tail reads: 3682986
[14-03-10 15:21:1394464902] Indexing reference.
[14-03-10 15:21:1394464918] Aligning G-tailed reads.
[14-03-10 15:27:1394465274] <bowtie2> 2000621 reads; of these:
[14-03-10 15:27:1394465274] <bowtie2>   2000621 (100.00%) were paired; of these:
[14-03-10 15:27:1394465274] <bowtie2>     1967633 (98.35%) aligned concordantly 0 times
[14-03-10 15:27:1394465274] <bowtie2>     20970 (1.05%) aligned concordantly exactly 1 time
[14-03-10 15:27:1394465274] <bowtie2>     12018 (0.60%) aligned concordantly >1 times
[14-03-10 15:27:1394465274] <bowtie2>     ----
[14-03-10 15:27:1394465274] <bowtie2>     1967633 pairs aligned concordantly 0 times; of these:
[14-03-10 15:27:1394465274] <bowtie2>       16 (0.00%) aligned discordantly 1 time
[14-03-10 15:27:1394465274] <bowtie2>     ----
[14-03-10 15:27:1394465274] <bowtie2>     1967617 pairs aligned 0 times concordantly or discordantly; of these:
[14-03-10 15:27:1394465274] <bowtie2>       3935234 mates make up the pairs; of these:
[14-03-10 15:27:1394465274] <bowtie2>         2958534 (75.18%) aligned 0 times
[14-03-10 15:27:1394465274] <bowtie2>         697277 (17.72%) aligned exactly 1 time
[14-03-10 15:27:1394465274] <bowtie2>         279423 (7.10%) aligned >1 times
[14-03-10 15:27:1394465274] <bowtie2> 26.06% overall alignment rate
[14-03-10 15:27:1394465274] <bowtie2> 
[14-03-10 15:30:1394465422] G-tail alignments are at: /nfs/research2/goldman/botond/paper-pat-seq/Aln/MUT1A/gtail_aln/gtail_reads.sam
[14-03-10 15:30:1394465422] Position-sorted G-tail alignments are at: /nfs/research2/goldman/botond/paper-pat-seq/Aln/MUT1A/gtail_aln/gtail_reads_sort.bam
[14-03-10 15:30:1394465426] Flagstats:
[14-03-10 15:30:1394465426] --------------------------------------------
[14-03-10 15:30:1394465426] 
{'chr_mismatch': 160.0, 'duplicates': 0.0, 'nr_read1': 2000621.0, 'seq_paired': 4001242.0, 'nr_read2': 2000621.0, 'qc_fail': 4001242.0, 'chr_mismatch_q5': 14.0, 'nr_proper_with_mate': 66154.0}
[14-03-10 15:30:1394465426] --------------------------------------------
[14-03-10 15:30:1394465426] Aligning NVTR reads.
[14-03-10 16:06:1394467574] <bowtie2> 10460964 reads; of these:
[14-03-10 16:06:1394467574] <bowtie2>   10460964 (100.00%) were paired; of these:
[14-03-10 16:06:1394467574] <bowtie2>     3863046 (36.93%) aligned concordantly 0 times
[14-03-10 16:06:1394467574] <bowtie2>     4015107 (38.38%) aligned concordantly exactly 1 time
[14-03-10 16:06:1394467574] <bowtie2>     2582811 (24.69%) aligned concordantly >1 times
[14-03-10 16:06:1394467574] <bowtie2> 63.07% overall alignment rate
[14-03-10 16:06:1394467574] <bowtie2> 
[14-03-10 16:22:1394468554] NVTR alignments are at: /nfs/research2/goldman/botond/paper-pat-seq/Aln/MUT1A/nvtr_aln/nvtr_reads.sam
[14-03-10 16:22:1394468554] Position-sorted NVTR alignments are at: /nfs/research2/goldman/botond/paper-pat-seq/Aln/MUT1A/nvtr_aln/nvtr_reads_sort.bam
['chr_mismatch', 'chr_mismatch_q5', 'duplicates', 'nr_proper_with_mate', 'nr_read1', 'nr_read2', 'qc_fail', 'seq_paired']
