[14-09-17 11:23:1410949389] Fastq 1: /nfs/research2/goldman/botond/paper-pat-seq/RawData/ERR472935_1.fastq.gz
[14-09-17 11:23:1410949389] Fastq 2: /nfs/research2/goldman/botond/paper-pat-seq/RawData/ERR472935_2.fastq.gz
[14-09-17 11:23:1410949389] Output directory: /nfs/research2/goldman/botond/paper-pat-seq/Aln/MUT1C
[14-09-17 11:23:1410949389] Read portion used when classifying: 14
[14-09-17 11:23:1410949389] Minimum tag length: 3
[14-09-17 11:23:1410949389] Maximum number of Ns in the first 14 bases: 6
[14-09-17 11:23:1410949389] Classifying read pairs.
[14-09-17 11:30:1410949827] Total fragments: 8808304
[14-09-17 11:30:1410949827] NVTR fragments: 6393377
[14-09-17 11:30:1410949827] G-tail fragments: 2414927
[14-09-17 11:30:1410949827] Forward G-tail reads: 1239
[14-09-17 11:30:1410949827] Reverse G-tail reads: 3746090
[14-09-17 11:30:1410949827] Indexing reference.
[14-09-17 11:30:1410949838] Aligning G-tailed reads.
[14-09-17 11:36:1410950161] <bowtie2> 2414927 reads; of these:
[14-09-17 11:36:1410950161] <bowtie2>   2414927 (100.00%) were paired; of these:
[14-09-17 11:36:1410950161] <bowtie2>     2398076 (99.30%) aligned concordantly 0 times
[14-09-17 11:36:1410950161] <bowtie2>     8749 (0.36%) aligned concordantly exactly 1 time
[14-09-17 11:36:1410950161] <bowtie2>     8102 (0.34%) aligned concordantly >1 times
[14-09-17 11:36:1410950161] <bowtie2>     ----
[14-09-17 11:36:1410950161] <bowtie2>     2398076 pairs aligned concordantly 0 times; of these:
[14-09-17 11:36:1410950161] <bowtie2>       51 (0.00%) aligned discordantly 1 time
[14-09-17 11:36:1410950161] <bowtie2>     ----
[14-09-17 11:36:1410950161] <bowtie2>     2398025 pairs aligned 0 times concordantly or discordantly; of these:
[14-09-17 11:36:1410950161] <bowtie2>       4796050 mates make up the pairs; of these:
[14-09-17 11:36:1410950161] <bowtie2>         2916162 (60.80%) aligned 0 times
[14-09-17 11:36:1410950161] <bowtie2>         1181823 (24.64%) aligned exactly 1 time
[14-09-17 11:36:1410950161] <bowtie2>         698065 (14.55%) aligned >1 times
[14-09-17 11:36:1410950161] <bowtie2> 39.62% overall alignment rate
[14-09-17 11:36:1410950161] <bowtie2> 
[14-09-17 11:38:1410950306] G-tail alignments are at: /nfs/research2/goldman/botond/paper-pat-seq/Aln/MUT1C/gtail_aln/gtail_reads.sam
[14-09-17 11:38:1410950306] Position-sorted G-tail alignments are at: /nfs/research2/goldman/botond/paper-pat-seq/Aln/MUT1C/gtail_aln/gtail_reads_sort.bam
[14-09-17 11:38:1410950309] Flagstats:
[14-09-17 11:38:1410950309] --------------------------------------------
[14-09-17 11:38:1410950309] 
{'chr_mismatch': 152.0, 'duplicates': 0.0, 'nr_read1': 2414927.0, 'seq_paired': 4829854.0, 'nr_read2': 2414927.0, 'qc_fail': 4829854.0, 'chr_mismatch_q5': 84.0, 'nr_proper_with_mate': 33874.0}
[14-09-17 11:38:1410950309] --------------------------------------------
[14-09-17 11:38:1410950309] Aligning NVTR reads.
[14-09-17 11:54:1410951249] <bowtie2> 6393377 reads; of these:
[14-09-17 11:54:1410951249] <bowtie2>   6393377 (100.00%) were paired; of these:
[14-09-17 11:54:1410951249] <bowtie2>     3058349 (47.84%) aligned concordantly 0 times
[14-09-17 11:54:1410951249] <bowtie2>     1993447 (31.18%) aligned concordantly exactly 1 time
[14-09-17 11:54:1410951249] <bowtie2>     1341581 (20.98%) aligned concordantly >1 times
[14-09-17 11:54:1410951249] <bowtie2> 52.16% overall alignment rate
[14-09-17 11:54:1410951249] <bowtie2> 
[14-09-17 12:01:1410951704] NVTR alignments are at: /nfs/research2/goldman/botond/paper-pat-seq/Aln/MUT1C/nvtr_aln/nvtr_reads.sam
[14-09-17 12:01:1410951704] Position-sorted NVTR alignments are at: /nfs/research2/goldman/botond/paper-pat-seq/Aln/MUT1C/nvtr_aln/nvtr_reads_sort.bam
['chr_mismatch', 'chr_mismatch_q5', 'duplicates', 'nr_proper_with_mate', 'nr_read1', 'nr_read2', 'qc_fail', 'seq_paired']
