[14-09-17 11:23:1410949389] Fastq 1: /nfs/research2/goldman/botond/paper-pat-seq/RawData/ERR472941_1.fastq.gz
[14-09-17 11:23:1410949389] Fastq 2: /nfs/research2/goldman/botond/paper-pat-seq/RawData/ERR472941_2.fastq.gz
[14-09-17 11:23:1410949389] Output directory: /nfs/research2/goldman/botond/paper-pat-seq/Aln/WT1C
[14-09-17 11:23:1410949389] Read portion used when classifying: 14
[14-09-17 11:23:1410949389] Minimum tag length: 3
[14-09-17 11:23:1410949389] Maximum number of Ns in the first 14 bases: 6
[14-09-17 11:23:1410949389] Classifying read pairs.
[14-09-17 11:32:1410949935] Total fragments: 10265967
[14-09-17 11:32:1410949935] NVTR fragments: 7985776
[14-09-17 11:32:1410949935] G-tail fragments: 2280191
[14-09-17 11:32:1410949935] Forward G-tail reads: 4682
[14-09-17 11:32:1410949935] Reverse G-tail reads: 3736844
[14-09-17 11:32:1410949935] Indexing reference.
[14-09-17 11:32:1410949947] Aligning G-tailed reads.
[14-09-17 11:37:1410950246] <bowtie2> 2280191 reads; of these:
[14-09-17 11:37:1410950246] <bowtie2>   2280191 (100.00%) were paired; of these:
[14-09-17 11:37:1410950246] <bowtie2>     2255381 (98.91%) aligned concordantly 0 times
[14-09-17 11:37:1410950246] <bowtie2>     15436 (0.68%) aligned concordantly exactly 1 time
[14-09-17 11:37:1410950246] <bowtie2>     9374 (0.41%) aligned concordantly >1 times
[14-09-17 11:37:1410950246] <bowtie2>     ----
[14-09-17 11:37:1410950246] <bowtie2>     2255381 pairs aligned concordantly 0 times; of these:
[14-09-17 11:37:1410950246] <bowtie2>       91 (0.00%) aligned discordantly 1 time
[14-09-17 11:37:1410950246] <bowtie2>     ----
[14-09-17 11:37:1410950246] <bowtie2>     2255290 pairs aligned 0 times concordantly or discordantly; of these:
[14-09-17 11:37:1410950246] <bowtie2>       4510580 mates make up the pairs; of these:
[14-09-17 11:37:1410950246] <bowtie2>         3052589 (67.68%) aligned 0 times
[14-09-17 11:37:1410950246] <bowtie2>         1245953 (27.62%) aligned exactly 1 time
[14-09-17 11:37:1410950246] <bowtie2>         212038 (4.70%) aligned >1 times
[14-09-17 11:37:1410950246] <bowtie2> 33.06% overall alignment rate
[14-09-17 11:37:1410950246] <bowtie2> 
[14-09-17 11:40:1410950412] G-tail alignments are at: /nfs/research2/goldman/botond/paper-pat-seq/Aln/WT1C/gtail_aln/gtail_reads.sam
[14-09-17 11:40:1410950412] Position-sorted G-tail alignments are at: /nfs/research2/goldman/botond/paper-pat-seq/Aln/WT1C/gtail_aln/gtail_reads_sort.bam
[14-09-17 11:40:1410950416] Flagstats:
[14-09-17 11:40:1410950416] --------------------------------------------
[14-09-17 11:40:1410950416] 
{'chr_mismatch': 170.0, 'duplicates': 0.0, 'nr_read1': 2280191.0, 'seq_paired': 4560382.0, 'nr_read2': 2280191.0, 'qc_fail': 4560382.0, 'chr_mismatch_q5': 144.0, 'nr_proper_with_mate': 49802.0}
[14-09-17 11:40:1410950416] --------------------------------------------
[14-09-17 11:40:1410950416] Aligning NVTR reads.
[14-09-17 12:04:1410951874] <bowtie2> 7985776 reads; of these:
[14-09-17 12:04:1410951874] <bowtie2>   7985776 (100.00%) were paired; of these:
[14-09-17 12:04:1410951874] <bowtie2>     3335624 (41.77%) aligned concordantly 0 times
[14-09-17 12:04:1410951874] <bowtie2>     3689032 (46.20%) aligned concordantly exactly 1 time
[14-09-17 12:04:1410951874] <bowtie2>     961120 (12.04%) aligned concordantly >1 times
[14-09-17 12:04:1410951874] <bowtie2> 58.23% overall alignment rate
[14-09-17 12:04:1410951874] <bowtie2> 
[14-09-17 12:15:1410952527] NVTR alignments are at: /nfs/research2/goldman/botond/paper-pat-seq/Aln/WT1C/nvtr_aln/nvtr_reads.sam
[14-09-17 12:15:1410952527] Position-sorted NVTR alignments are at: /nfs/research2/goldman/botond/paper-pat-seq/Aln/WT1C/nvtr_aln/nvtr_reads_sort.bam
['chr_mismatch', 'chr_mismatch_q5', 'duplicates', 'nr_proper_with_mate', 'nr_read1', 'nr_read2', 'qc_fail', 'seq_paired']
