[14-09-17 11:23:1410949392] Fastq 1: /nfs/research2/goldman/botond/paper-pat-seq/RawData/ERR472946_1.fastq.gz
[14-09-17 11:23:1410949392] Fastq 2: /nfs/research2/goldman/botond/paper-pat-seq/RawData/ERR472946_2.fastq.gz
[14-09-17 11:23:1410949392] Output directory: /nfs/research2/goldman/botond/paper-pat-seq/Aln/WT2A
[14-09-17 11:23:1410949392] Read portion used when classifying: 14
[14-09-17 11:23:1410949392] Minimum tag length: 3
[14-09-17 11:23:1410949392] Maximum number of Ns in the first 14 bases: 6
[14-09-17 11:23:1410949392] Classifying read pairs.
[14-09-17 11:36:1410950188] Total fragments: 16291112
[14-09-17 11:36:1410950188] NVTR fragments: 13076853
[14-09-17 11:36:1410950188] G-tail fragments: 3214259
[14-09-17 11:36:1410950188] Forward G-tail reads: 6441
[14-09-17 11:36:1410950188] Reverse G-tail reads: 5551943
[14-09-17 11:36:1410950188] Indexing reference.
[14-09-17 11:36:1410950198] Aligning G-tailed reads.
[14-09-17 11:41:1410950462] <bowtie2> 3214259 reads; of these:
[14-09-17 11:41:1410950462] <bowtie2>   3214259 (100.00%) were paired; of these:
[14-09-17 11:41:1410950462] <bowtie2>     3162790 (98.40%) aligned concordantly 0 times
[14-09-17 11:41:1410950462] <bowtie2>     37517 (1.17%) aligned concordantly exactly 1 time
[14-09-17 11:41:1410950462] <bowtie2>     13952 (0.43%) aligned concordantly >1 times
[14-09-17 11:41:1410950462] <bowtie2>     ----
[14-09-17 11:41:1410950462] <bowtie2>     3162790 pairs aligned concordantly 0 times; of these:
[14-09-17 11:41:1410950462] <bowtie2>       2 (0.00%) aligned discordantly 1 time
[14-09-17 11:41:1410950462] <bowtie2>     ----
[14-09-17 11:41:1410950462] <bowtie2>     3162788 pairs aligned 0 times concordantly or discordantly; of these:
[14-09-17 11:41:1410950462] <bowtie2>       6325576 mates make up the pairs; of these:
[14-09-17 11:41:1410950462] <bowtie2>         5123508 (81.00%) aligned 0 times
[14-09-17 11:41:1410950462] <bowtie2>         1015908 (16.06%) aligned exactly 1 time
[14-09-17 11:41:1410950462] <bowtie2>         186160 (2.94%) aligned >1 times
[14-09-17 11:41:1410950462] <bowtie2> 20.30% overall alignment rate
[14-09-17 11:41:1410950462] <bowtie2> 
[14-09-17 11:44:1410950652] G-tail alignments are at: /nfs/research2/goldman/botond/paper-pat-seq/Aln/WT2A/gtail_aln/gtail_reads.sam
[14-09-17 11:44:1410950652] Position-sorted G-tail alignments are at: /nfs/research2/goldman/botond/paper-pat-seq/Aln/WT2A/gtail_aln/gtail_reads_sort.bam
[14-09-17 11:44:1410950657] Flagstats:
[14-09-17 11:44:1410950657] --------------------------------------------
[14-09-17 11:44:1410950657] 
{'chr_mismatch': 10.0, 'duplicates': 0.0, 'nr_read1': 3214259.0, 'seq_paired': 6428518.0, 'nr_read2': 3214259.0, 'qc_fail': 6428518.0, 'chr_mismatch_q5': 3.0, 'nr_proper_with_mate': 102948.0}
[14-09-17 11:44:1410950657] --------------------------------------------
[14-09-17 11:44:1410950657] Aligning NVTR reads.
[14-09-17 12:11:1410952296] <bowtie2> 13076853 reads; of these:
[14-09-17 12:11:1410952296] <bowtie2>   13076853 (100.00%) were paired; of these:
[14-09-17 12:11:1410952296] <bowtie2>     5406936 (41.35%) aligned concordantly 0 times
[14-09-17 12:11:1410952296] <bowtie2>     6268892 (47.94%) aligned concordantly exactly 1 time
[14-09-17 12:11:1410952296] <bowtie2>     1401025 (10.71%) aligned concordantly >1 times
[14-09-17 12:11:1410952296] <bowtie2> 58.65% overall alignment rate
[14-09-17 12:11:1410952296] <bowtie2> 
[14-09-17 12:27:1410953243] NVTR alignments are at: /nfs/research2/goldman/botond/paper-pat-seq/Aln/WT2A/nvtr_aln/nvtr_reads.sam
[14-09-17 12:27:1410953243] Position-sorted NVTR alignments are at: /nfs/research2/goldman/botond/paper-pat-seq/Aln/WT2A/nvtr_aln/nvtr_reads_sort.bam
['chr_mismatch', 'chr_mismatch_q5', 'duplicates', 'nr_proper_with_mate', 'nr_read1', 'nr_read2', 'qc_fail', 'seq_paired']
