[14-09-17 11:23:1410949389] Fastq 1: /nfs/research2/goldman/botond/paper-pat-seq/RawData/ERR472948_1.fastq.gz
[14-09-17 11:23:1410949389] Fastq 2: /nfs/research2/goldman/botond/paper-pat-seq/RawData/ERR472948_2.fastq.gz
[14-09-17 11:23:1410949389] Output directory: /nfs/research2/goldman/botond/paper-pat-seq/Aln/WT2B
[14-09-17 11:23:1410949389] Read portion used when classifying: 14
[14-09-17 11:23:1410949389] Minimum tag length: 3
[14-09-17 11:23:1410949389] Maximum number of Ns in the first 14 bases: 6
[14-09-17 11:23:1410949389] Classifying read pairs.
[14-09-17 11:31:1410949882] Total fragments: 9884447
[14-09-17 11:31:1410949882] NVTR fragments: 7837802
[14-09-17 11:31:1410949882] G-tail fragments: 2046645
[14-09-17 11:31:1410949882] Forward G-tail reads: 3749
[14-09-17 11:31:1410949882] Reverse G-tail reads: 3416199
[14-09-17 11:31:1410949882] Indexing reference.
[14-09-17 11:31:1410949893] Aligning G-tailed reads.
[14-09-17 11:34:1410950068] <bowtie2> 2046645 reads; of these:
[14-09-17 11:34:1410950068] <bowtie2>   2046645 (100.00%) were paired; of these:
[14-09-17 11:34:1410950068] <bowtie2>     2021539 (98.77%) aligned concordantly 0 times
[14-09-17 11:34:1410950068] <bowtie2>     18609 (0.91%) aligned concordantly exactly 1 time
[14-09-17 11:34:1410950068] <bowtie2>     6497 (0.32%) aligned concordantly >1 times
[14-09-17 11:34:1410950068] <bowtie2>     ----
[14-09-17 11:34:1410950068] <bowtie2>     2021539 pairs aligned concordantly 0 times; of these:
[14-09-17 11:34:1410950068] <bowtie2>       6 (0.00%) aligned discordantly 1 time
[14-09-17 11:34:1410950068] <bowtie2>     ----
[14-09-17 11:34:1410950068] <bowtie2>     2021533 pairs aligned 0 times concordantly or discordantly; of these:
[14-09-17 11:34:1410950068] <bowtie2>       4043066 mates make up the pairs; of these:
[14-09-17 11:34:1410950068] <bowtie2>         3175705 (78.55%) aligned 0 times
[14-09-17 11:34:1410950068] <bowtie2>         731661 (18.10%) aligned exactly 1 time
[14-09-17 11:34:1410950068] <bowtie2>         135700 (3.36%) aligned >1 times
[14-09-17 11:34:1410950068] <bowtie2> 22.42% overall alignment rate
[14-09-17 11:34:1410950068] <bowtie2> 
[14-09-17 11:36:1410950191] G-tail alignments are at: /nfs/research2/goldman/botond/paper-pat-seq/Aln/WT2B/gtail_aln/gtail_reads.sam
[14-09-17 11:36:1410950191] Position-sorted G-tail alignments are at: /nfs/research2/goldman/botond/paper-pat-seq/Aln/WT2B/gtail_aln/gtail_reads_sort.bam
[14-09-17 11:36:1410950195] Flagstats:
[14-09-17 11:36:1410950195] --------------------------------------------
[14-09-17 11:36:1410950195] 
{'chr_mismatch': 12.0, 'duplicates': 0.0, 'nr_read1': 2046645.0, 'seq_paired': 4093290.0, 'nr_read2': 2046645.0, 'qc_fail': 4093290.0, 'chr_mismatch_q5': 12.0, 'nr_proper_with_mate': 50224.0}
[14-09-17 11:36:1410950195] --------------------------------------------
[14-09-17 11:36:1410950195] Aligning NVTR reads.
[14-09-17 11:52:1410951175] <bowtie2> 7837802 reads; of these:
[14-09-17 11:52:1410951175] <bowtie2>   7837802 (100.00%) were paired; of these:
[14-09-17 11:52:1410951175] <bowtie2>     3199452 (40.82%) aligned concordantly 0 times
[14-09-17 11:52:1410951175] <bowtie2>     3733755 (47.64%) aligned concordantly exactly 1 time
[14-09-17 11:52:1410951175] <bowtie2>     904595 (11.54%) aligned concordantly >1 times
[14-09-17 11:52:1410951175] <bowtie2> 59.18% overall alignment rate
[14-09-17 11:52:1410951175] <bowtie2> 
[14-09-17 12:02:1410951737] NVTR alignments are at: /nfs/research2/goldman/botond/paper-pat-seq/Aln/WT2B/nvtr_aln/nvtr_reads.sam
[14-09-17 12:02:1410951737] Position-sorted NVTR alignments are at: /nfs/research2/goldman/botond/paper-pat-seq/Aln/WT2B/nvtr_aln/nvtr_reads_sort.bam
['chr_mismatch', 'chr_mismatch_q5', 'duplicates', 'nr_proper_with_mate', 'nr_read1', 'nr_read2', 'qc_fail', 'seq_paired']
